<?xml version="1.0" encoding="UTF-8"?>
<testsuite xmlns:xsi="http://www.w3.org/2001/XMLSchema-instance" xsi:noNamespaceSchemaLocation="https://maven.apache.org/surefire/maven-surefire-plugin/xsd/surefire-test-report-3.0.xsd" version="3.0" name="org.portfolio.domain.order.OrderTest" time="0.026" tests="6" errors="0" skipped="0" failures="0">
  <properties>
[...]
</properties>
  <testcase name="testExceptionWhenUpdatingOrderThatIsNotPending" classname="org.portfolio.domain.order.OrderTest" time="0.01"/>
  <testcase name="testUpdateOrder" classname="org.portfolio.domain.order.OrderTest" time="0.001"/>
  <testcase name="testCreateOrder" classname="org.portfolio.domain.order.OrderTest" time="0.001"/>
  <testcase name="testExceptionWhenPayOrderThatIsNotPending" classname="org.portfolio.domain.order.OrderTest" time="0.0"/>
  <testcase name="testCancelOrder" classname="org.portfolio.domain.order.OrderTest" time="0.0"/>
  <testcase name="testPayOrder" classname="org.portfolio.domain.order.OrderTest" time="0.0"/>
</testsuite>